Release 12.1 - xst M.53d (nt)
Copyright (c) 1995-2010 Xilinx, Inc.  All rights reserved.
--> Parameter TMPDIR set to xst/projnav.tmp


Total REAL time to Xst completion: 0.00 secs
Total CPU time to Xst completion: 0.11 secs
 
--> Parameter xsthdpdir set to xst


Total REAL time to Xst completion: 0.00 secs
Total CPU time to Xst completion: 0.12 secs
 
--> Reading design: clockgen.prj

TABLE OF CONTENTS
  1) Synthesis Options Summary
  2) HDL Compilation
  3) Design Hierarchy Analysis
  4) HDL Analysis
  5) HDL Synthesis
     5.1) HDL Synthesis Report
  6) Advanced HDL Synthesis
     6.1) Advanced HDL Synthesis Report
  7) Low Level Synthesis
  8) Partition Report
  9) Final Report
	9.1) Device utilization summary
	9.2) Partition Resource Summary
	9.3) TIMING REPORT


=========================================================================
*                      Synthesis Options Summary                        *
=========================================================================
---- Source Parameters
Input File Name                    : "clockgen.prj"
Input Format                       : mixed
Ignore Synthesis Constraint File   : NO

---- Target Parameters
Output File Name                   : "clockgen"
Output Format                      : NGC
Target Device                      : xc3s1600e-4-fg320

---- Source Options
Top Module Name                    : clockgen
Automatic FSM Extraction           : YES
FSM Encoding Algorithm             : Auto
Safe Implementation                : No
FSM Style                          : lut
RAM Extraction                     : Yes
RAM Style                          : Auto
ROM Extraction                     : Yes
Mux Style                          : Auto
Decoder Extraction                 : YES
Priority Encoder Extraction        : YES
Shift Register Extraction          : YES
Logical Shifter Extraction         : YES
XOR Collapsing                     : YES
ROM Style                          : Auto
Mux Extraction                     : YES
Resource Sharing                   : YES
Asynchronous To Synchronous        : NO
Multiplier Style                   : auto
Automatic Register Balancing       : No

---- Target Options
Add IO Buffers                     : YES
Global Maximum Fanout              : 500
Add Generic Clock Buffer(BUFG)     : 24
Register Duplication               : YES
Slice Packing                      : YES
Optimize Instantiated Primitives   : NO
Use Clock Enable                   : Yes
Use Synchronous Set                : Yes
Use Synchronous Reset              : Yes
Pack IO Registers into IOBs        : auto
Equivalent register Removal        : YES

---- General Options
Optimization Goal                  : Speed
Optimization Effort                : 1
Library Search Order               : clockgen.lso
Keep Hierarchy                     : NO
Netlist Hierarchy                  : as_optimized
RTL Output                         : Yes
Global Optimization                : AllClockNets
Read Cores                         : YES
Write Timing Constraints           : NO
Cross Clock Analysis               : NO
Hierarchy Separator                : /
Bus Delimiter                      : <>
Case Specifier                     : maintain
Slice Utilization Ratio            : 100
BRAM Utilization Ratio             : 100
Verilog 2001                       : YES
Auto BRAM Packing                  : NO
Slice Utilization Ratio Delta      : 5

=========================================================================


=========================================================================
*                          HDL Compilation                              *
=========================================================================
Compiling vhdl file "C:/XilinxProjects/counter500k/counter250k.vhd" in Library work.
Entity <counter250k> compiled.
Entity <counter250k> (Architecture <counter250>) compiled.
Compiling vhdl file "C:/XilinxProjects/counter500k/wavegen.vhd" in Library work.
Architecture wave of Entity wavegen is up to date.
Compiling vhdl file "C:/XilinxProjects/counter500k/clockgen.vhd" in Library work.
Architecture beh of Entity clockgen is up to date.

=========================================================================
*                     Design Hierarchy Analysis                         *
=========================================================================
Analyzing hierarchy for entity <clockgen> in library <work> (architecture <beh>).

Analyzing hierarchy for entity <counter250k> in library <work> (architecture <counter250>).

Analyzing hierarchy for entity <wavegen> in library <work> (architecture <wave>).


=========================================================================
*                            HDL Analysis                               *
=========================================================================
Analyzing Entity <clockgen> in library <work> (Architecture <beh>).
Entity <clockgen> analyzed. Unit <clockgen> generated.

Analyzing Entity <counter250k> in library <work> (Architecture <counter250>).
WARNING:Xst:819 - "C:/XilinxProjects/counter500k/counter250k.vhd" line 24: One or more signals are missing in the process sensitivity list. To enable synthesis of FPGA/CPLD hardware, XST will assume that all necessary signals are present in the sensitivity list. Please note that the result of the synthesis may differ from the initial design specification. The missing signals are:
   <ct>
Entity <counter250k> analyzed. Unit <counter250k> generated.

Analyzing Entity <wavegen> in library <work> (Architecture <wave>).
WARNING:Xst:819 - "C:/XilinxProjects/counter500k/wavegen.vhd" line 24: One or more signals are missing in the process sensitivity list. To enable synthesis of FPGA/CPLD hardware, XST will assume that all necessary signals are present in the sensitivity list. Please note that the result of the synthesis may differ from the initial design specification. The missing signals are:
   <rst>, <wav>
Entity <wavegen> analyzed. Unit <wavegen> generated.


=========================================================================
*                           HDL Synthesis                               *
=========================================================================

Performing bidirectional port resolution...

Synthesizing Unit <counter250k>.
    Related source file is "C:/XilinxProjects/counter500k/counter250k.vhd".
    Found 18-bit up counter for signal <ct>.
    Summary:
	inferred   1 Counter(s).
Unit <counter250k> synthesized.


Synthesizing Unit <wavegen>.
    Related source file is "C:/XilinxProjects/counter500k/wavegen.vhd".
    Found 1-bit register for signal <wav>.
    Summary:
	inferred   1 D-type flip-flop(s).
Unit <wavegen> synthesized.


Synthesizing Unit <clockgen>.
    Related source file is "C:/XilinxProjects/counter500k/clockgen.vhd".
Unit <clockgen> synthesized.


=========================================================================
HDL Synthesis Report

Macro Statistics
# Counters                                             : 1
 18-bit up counter                                     : 1
# Registers                                            : 1
 1-bit register                                        : 1

=========================================================================

=========================================================================
*                       Advanced HDL Synthesis                          *
=========================================================================


=========================================================================
Advanced HDL Synthesis Report

Macro Statistics
# Counters                                             : 1
 18-bit up counter                                     : 1
# Registers                                            : 1
 Flip-Flops                                            : 1

=========================================================================

=========================================================================
*                         Low Level Synthesis                           *
=========================================================================

Optimizing unit <clockgen> ...

Mapping all equations...
Building and optimizing final netlist ...
Found area constraint ratio of 100 (+ 5) on block clockgen, actual ratio is 0.

Final Macro Processing ...

=========================================================================
Final Register Report

Macro Statistics
# Registers                                            : 19
 Flip-Flops                                            : 19

=========================================================================

=========================================================================
*                           Partition Report                            *
=========================================================================

Partition Implementation Status
-------------------------------

  No Partitions were found in this design.

-------------------------------

=========================================================================
*                            Final Report                               *
=========================================================================
Final Results
RTL Top Level Output File Name     : clockgen.ngr
Top Level Output File Name         : clockgen
Output Format                      : NGC
Optimization Goal                  : Speed
Keep Hierarchy                     : NO

Design Statistics
# IOs                              : 3

Cell Usage :
# BELS                             : 69
#      GND                         : 1
#      INV                         : 2
#      LUT1                        : 17
#      LUT2                        : 1
#      LUT2_L                      : 1
#      LUT4                        : 7
#      LUT4_D                      : 4
#      MUXCY                       : 17
#      VCC                         : 1
#      XORCY                       : 18
# FlipFlops/Latches                : 19
#      FDCE                        : 1
#      FDR                         : 17
#      FDRS                        : 1
# Clock Buffers                    : 1
#      BUFGP                       : 1
# IO Buffers                       : 2
#      IBUF                        : 1
#      OBUF                        : 1
=========================================================================

Device utilization summary:
---------------------------

Selected Device : 3s1600efg320-4 

 Number of Slices:                       16  out of  14752     0%  
 Number of Slice Flip Flops:             19  out of  29504     0%  
 Number of 4 input LUTs:                 32  out of  29504     0%  
 Number of IOs:                           3
 Number of bonded IOBs:                   3  out of    250     1%  
 Number of GCLKs:                         1  out of     24     4%  

---------------------------
Partition Resource Summary:
---------------------------

  No Partitions were found in this design.

---------------------------


=========================================================================
TIMING REPORT

NOTE: THESE TIMING NUMBERS ARE ONLY A SYNTHESIS ESTIMATE.
      FOR ACCURATE TIMING INFORMATION PLEASE REFER TO THE TRACE REPORT
      GENERATED AFTER PLACE-and-ROUTE.

Clock Information:
------------------
-----------------------------------+------------------------+-------+
Clock Signal                       | Clock buffer(FF name)  | Load  |
-----------------------------------+------------------------+-------+
clk                                | BUFGP                  | 19    |
-----------------------------------+------------------------+-------+

Asynchronous Control Signals Information:
----------------------------------------
-----------------------------------+------------------------+-------+
Control Signal                     | Buffer(FF name)        | Load  |
-----------------------------------+------------------------+-------+
rst                                | IBUF                   | 1     |
-----------------------------------+------------------------+-------+

Timing Summary:
---------------
Speed Grade: -4

   Minimum period: 6.162ns (Maximum Frequency: 162.285MHz)
   Minimum input arrival time before clock: 5.143ns
   Maximum output required time after clock: 4.310ns
   Maximum combinational path delay: No path found

Timing Detail:
--------------
All values displayed in nanoseconds (ns)

=========================================================================
Timing constraint: Default period analysis for Clock 'clk'
  Clock period: 6.162ns (frequency: 162.285MHz)
  Total number of paths / destination ports: 514 / 38
-------------------------------------------------------------------------
Delay:               6.162ns (Levels of Logic = 3)
  Source:            count/ct_8 (FF)
  Destination:       count/ct_1 (FF)
  Source Clock:      clk rising
  Destination Clock: clk rising

  Data Path: count/ct_8 to count/ct_1
                                Gate     Net
    Cell:in->out      fanout   Delay   Delay  Logical Name (Net Name)
    ----------------------------------------  ------------
     FDR:C->Q              2   0.591   0.622  count/ct_8 (count/ct_8)
     LUT4_D:I0->O          2   0.704   0.451  count/ct_and0000125 (count/ct_and0000125)
     LUT4:I3->O            1   0.704   0.424  count/Mcount_ct_val1_SW0 (N4)
     LUT4:I3->O           17   0.704   1.051  count/Mcount_ct_val1 (count/Mcount_ct_val)
     FDR:R                     0.911          count/ct_1
    ----------------------------------------
    Total                      6.162ns (3.614ns logic, 2.548ns route)
                                       (58.6% logic, 41.4% route)

=========================================================================
Timing constraint: Default OFFSET IN BEFORE for Clock 'clk'
  Total number of paths / destination ports: 19 / 19
-------------------------------------------------------------------------
Offset:              5.143ns (Levels of Logic = 3)
  Source:            rst (PAD)
  Destination:       count/ct_0 (FF)
  Destination Clock: clk rising

  Data Path: rst to count/ct_0
                                Gate     Net
    Cell:in->out      fanout   Delay   Delay  Logical Name (Net Name)
    ----------------------------------------  ------------
     IBUF:I->O             4   1.218   0.762  rst_IBUF (count/ct_cst)
     LUT4:I0->O            1   0.704   0.424  count/ct_and000029_SW1 (N2)
     LUT4:I3->O            1   0.704   0.420  count/ct_and000029 (count/ct_and0000)
     FDRS:R                    0.911          count/ct_0
    ----------------------------------------
    Total                      5.143ns (3.537ns logic, 1.606ns route)
                                       (68.8% logic, 31.2% route)

=========================================================================
Timing constraint: Default OFFSET OUT AFTER for Clock 'clk'
  Total number of paths / destination ports: 1 / 1
-------------------------------------------------------------------------
Offset:              4.310ns (Levels of Logic = 1)
  Source:            wavgen/wav (FF)
  Destination:       clk100 (PAD)
  Source Clock:      clk rising

  Data Path: wavgen/wav to clk100
                                Gate     Net
    Cell:in->out      fanout   Delay   Delay  Logical Name (Net Name)
    ----------------------------------------  ------------
     FDCE:C->Q             2   0.591   0.447  wavgen/wav (wavgen/wav)
     OBUF:I->O                 3.272          clk100_OBUF (clk100)
    ----------------------------------------
    Total                      4.310ns (3.863ns logic, 0.447ns route)
                                       (89.6% logic, 10.4% route)

=========================================================================


Total REAL time to Xst completion: 3.00 secs
Total CPU time to Xst completion: 2.40 secs
 
--> 

Total memory usage is 134188 kilobytes

Number of errors   :    0 (   0 filtered)
Number of warnings :    2 (   0 filtered)
Number of infos    :    0 (   0 filtered)

